{"meta": {"version": "5.5", "timestamp": "2022-02-17T17:17:11.656505", "branch_coverage": false, "show_contexts": false}, "files": {"src/plonetheme/__init__.py": {"executed_lines": [3], "summary": {"covered_lines": 1, "num_statements": 1, "percent_covered": 100.0, "missing_lines": 0, "excluded_lines": 0}, "missing_lines": [], "excluded_lines": []}, "src/plonetheme/tokyo/__init__.py": {"executed_lines": [2, 4, 7], "summary": {"covered_lines": 3, "num_statements": 3, "percent_covered": 100.0, "missing_lines": 0, "excluded_lines": 0}, "missing_lines": [], "excluded_lines": []}, "src/plonetheme/tokyo/browser/__init__.py": {"executed_lines": [1], "summary": {"covered_lines": 0, "num_statements": 0, "percent_covered": 100.0, "missing_lines": 0, "excluded_lines": 0}, "missing_lines": [], "excluded_lines": []}, "src/plonetheme/tokyo/browser/header.py": {"executed_lines": [3, 4, 5, 8, 9], "summary": {"covered_lines": 5, "num_statements": 10, "percent_covered": 50.0, "missing_lines": 5, "excluded_lines": 0}, "missing_lines": [10, 11, 12, 14, 17], "excluded_lines": []}, "src/plonetheme/tokyo/browser/listings.py": {"executed_lines": [3, 6, 8, 12, 14], "summary": {"covered_lines": 5, "num_statements": 6, "percent_covered": 83.33333333333333, "missing_lines": 1, "excluded_lines": 0}, "missing_lines": [9], "excluded_lines": []}, "src/plonetheme/tokyo/browser/main_template.py": {"executed_lines": [3, 4, 5, 6, 9, 10, 12, 13, 15, 18, 25], "summary": {"covered_lines": 11, "num_statements": 16, "percent_covered": 68.75, "missing_lines": 5, "excluded_lines": 0}, "missing_lines": [16, 20, 21, 23, 27], "excluded_lines": []}, "src/plonetheme/tokyo/interfaces.py": {"executed_lines": [2, 3, 6, 7], "summary": {"covered_lines": 3, "num_statements": 3, "percent_covered": 100.0, "missing_lines": 0, "excluded_lines": 0}, "missing_lines": [], "excluded_lines": []}, "src/plonetheme/tokyo/setuphandlers.py": {"executed_lines": [3, 4, 5, 8, 9, 10, 18, 23, 26, 27, 33, 35], "summary": {"covered_lines": 11, "num_statements": 13, "percent_covered": 84.61538461538461, "missing_lines": 2, "excluded_lines": 0}, "missing_lines": [12, 15], "excluded_lines": []}}, "totals": {"covered_lines": 39, "num_statements": 52, "percent_covered": 75.0, "missing_lines": 13, "excluded_lines": 0}}